2025-12-08 13:13:08,169 [INFO] Iniciando servidor Flask/SocketIO en puerto 5000...
2025-12-08 13:13:22,919 [INFO] Nueva orden recibida vía API: bb8babde-75ac-46d8-9be7-0ba7d02f575a
2025-12-08 13:13:23,078 [INFO] Retransmitiendo evento: mesas_actualizadas
2025-12-08 13:16:57,997 [INFO] Iniciando servidor Flask/SocketIO en puerto 5000...
2025-12-08 13:30:02,835 [INFO] Retransmitiendo evento: mesas_actualizadas
2025-12-08 16:51:39,685 [ERROR] Error en DataManager.execute: near "fingerprint_id": syntax error
Query: 
        CREATE TABLE IF NOT EXISTS empleados (
            id_empleado TEXT PRIMARY KEY,
            nombre TEXT NOT NULL,
            rol TEXT,
            deviceId TEXT UNIQUE
            fingerprint_id INTEGER UNIQUE
        );
        
2025-12-08 16:51:39,686 [ERROR] Error en DataManager.execute: Cannot add a UNIQUE column
Query: ALTER TABLE empleados ADD COLUMN fingerprint_id INTEGER UNIQUE;
2025-12-08 16:51:39,687 [ERROR] Error en DataManager.execute: near "fingerprint_id": syntax error
Query: 
        CREATE TABLE IF NOT EXISTS empleados (
            id_empleado TEXT PRIMARY KEY,
            nombre TEXT NOT NULL,
            rol TEXT,
            deviceId TEXT UNIQUE
            fingerprint_id INTEGER UNIQUE
        );
        
2025-12-08 16:51:39,844 [INFO] Cargando datos iniciales de AdminPage desde la BD...
2025-12-08 16:51:40,654 [INFO] Generando reporte visual para 2025-12-08
2025-12-08 16:51:40,656 [INFO] Reporte generado. Total: C$4175.00
2025-12-08 16:51:40,856 [INFO] Iniciando servidor Flask/SocketIO en puerto 5000...
2025-12-08 17:00:26,691 [ERROR] Error en DataManager.execute: near "fingerprint_id": syntax error
Query: 
        CREATE TABLE IF NOT EXISTS empleados (
            id_empleado TEXT PRIMARY KEY,
            nombre TEXT NOT NULL,
            rol TEXT,
            deviceId TEXT UNIQUE
            fingerprint_id INTEGER UNIQUE
        );
        
2025-12-08 17:00:26,692 [ERROR] Error en DataManager.execute: Cannot add a UNIQUE column
Query: ALTER TABLE empleados ADD COLUMN fingerprint_id INTEGER UNIQUE;
2025-12-08 17:00:26,692 [ERROR] Error en DataManager.execute: near "fingerprint_id": syntax error
Query: 
        CREATE TABLE IF NOT EXISTS empleados (
            id_empleado TEXT PRIMARY KEY,
            nombre TEXT NOT NULL,
            rol TEXT,
            deviceId TEXT UNIQUE
            fingerprint_id INTEGER UNIQUE
        );
        
2025-12-08 17:00:26,783 [INFO] Cargando datos iniciales de AdminPage desde la BD...
2025-12-08 17:00:27,174 [INFO] Generando reporte visual para 2025-12-08
2025-12-08 17:00:27,175 [INFO] Reporte generado. Total: C$4175.00
2025-12-08 17:00:27,344 [INFO] Iniciando servidor Flask/SocketIO en puerto 5000...
2025-12-08 17:01:09,782 [INFO] Modo enrolamiento activado. Esperando al ESP32...
2025-12-08 17:09:42,169 [ERROR] Error en DataManager.execute: near "fingerprint_id": syntax error
Query: 
        CREATE TABLE IF NOT EXISTS empleados (
            id_empleado TEXT PRIMARY KEY,
            nombre TEXT NOT NULL,
            rol TEXT,
            deviceId TEXT UNIQUE
            fingerprint_id INTEGER UNIQUE
        );
        
2025-12-08 17:09:42,170 [ERROR] Error en DataManager.execute: Cannot add a UNIQUE column
Query: ALTER TABLE empleados ADD COLUMN fingerprint_id INTEGER UNIQUE;
2025-12-08 17:09:42,171 [ERROR] Error en DataManager.execute: near "fingerprint_id": syntax error
Query: 
        CREATE TABLE IF NOT EXISTS empleados (
            id_empleado TEXT PRIMARY KEY,
            nombre TEXT NOT NULL,
            rol TEXT,
            deviceId TEXT UNIQUE
            fingerprint_id INTEGER UNIQUE
        );
        
2025-12-08 17:09:42,252 [INFO] Cargando datos iniciales de AdminPage desde la BD...
2025-12-08 17:09:42,603 [INFO] Generando reporte visual para 2025-12-08
2025-12-08 17:09:42,604 [INFO] Reporte generado. Total: C$4175.00
2025-12-08 17:09:42,769 [INFO] Iniciando servidor Flask/SocketIO en puerto 5000...
2025-12-08 17:10:58,422 [INFO] Modo enrolamiento activado. Esperando al ESP32...
2025-12-08 17:11:16,354 [INFO] ESP32 reporta nueva huella registrada: ID 3
2025-12-08 17:24:36,816 [ERROR] Error en DataManager.execute: near "fingerprint_id": syntax error
Query: 
        CREATE TABLE IF NOT EXISTS empleados (
            id_empleado TEXT PRIMARY KEY,
            nombre TEXT NOT NULL,
            rol TEXT,
            deviceId TEXT UNIQUE
            fingerprint_id INTEGER UNIQUE
        );
        
2025-12-08 17:24:36,817 [ERROR] Error en DataManager.execute: Cannot add a UNIQUE column
Query: ALTER TABLE empleados ADD COLUMN fingerprint_id INTEGER UNIQUE;
2025-12-08 17:24:36,818 [ERROR] Error en DataManager.execute: near "fingerprint_id": syntax error
Query: 
        CREATE TABLE IF NOT EXISTS empleados (
            id_empleado TEXT PRIMARY KEY,
            nombre TEXT NOT NULL,
            rol TEXT,
            deviceId TEXT UNIQUE
            fingerprint_id INTEGER UNIQUE
        );
        
2025-12-08 17:28:45,668 [ERROR] Error en DataManager.execute: near "fingerprint_id": syntax error
Query: 
        CREATE TABLE IF NOT EXISTS empleados (
            id_empleado TEXT PRIMARY KEY,
            nombre TEXT NOT NULL,
            rol TEXT,
            deviceId TEXT UNIQUE
            fingerprint_id INTEGER UNIQUE
        );
        
2025-12-08 17:28:45,669 [ERROR] Error en DataManager.execute: Cannot add a UNIQUE column
Query: ALTER TABLE empleados ADD COLUMN fingerprint_id INTEGER UNIQUE;
2025-12-08 17:28:45,669 [ERROR] Error en DataManager.execute: near "fingerprint_id": syntax error
Query: 
        CREATE TABLE IF NOT EXISTS empleados (
            id_empleado TEXT PRIMARY KEY,
            nombre TEXT NOT NULL,
            rol TEXT,
            deviceId TEXT UNIQUE
            fingerprint_id INTEGER UNIQUE
        );
        
2025-12-08 17:28:45,753 [INFO] Cargando datos iniciales de AdminPage desde la BD...
2025-12-08 17:28:46,121 [INFO] Generando reporte visual para 2025-12-08
2025-12-08 17:28:46,122 [INFO] Reporte generado. Total: C$4175.00
2025-12-08 17:28:46,291 [INFO] Iniciando servidor Flask/SocketIO en puerto 5000...
2025-12-08 17:31:24,130 [INFO] Esquema: Falta columna 'fingerprint_id' en empleados. Agregando...
2025-12-08 17:31:24,133 [INFO] Columna 'fingerprint_id' agregada correctamente.
2025-12-08 17:31:24,198 [INFO] Cargando datos iniciales de AdminPage desde la BD...
2025-12-08 17:31:24,544 [INFO] Generando reporte visual para 2025-12-08
2025-12-08 17:31:24,545 [INFO] Reporte generado. Total: C$4175.00
2025-12-08 17:31:24,712 [INFO] Iniciando servidor Flask/SocketIO en puerto 5000...
2025-12-08 17:31:51,621 [INFO] Modo enrolamiento activado. Esperando al ESP32...
2025-12-08 17:32:03,503 [INFO] ESP32 reporta nueva huella registrada: ID 4
2025-12-08 17:33:56,754 [INFO] Modo enrolamiento activado. Esperando al ESP32...
2025-12-08 17:34:09,803 [INFO] ESP32 reporta nueva huella registrada: ID 5
2025-12-08 17:36:31,242 [INFO] Cargando datos iniciales de AdminPage desde la BD...
2025-12-08 17:36:31,597 [INFO] Generando reporte visual para 2025-12-08
2025-12-08 17:36:31,598 [INFO] Reporte generado. Total: C$4175.00
2025-12-08 17:36:31,773 [INFO] Iniciando servidor Flask/SocketIO en puerto 5000...
2025-12-08 17:36:43,961 [INFO] Modo enrolamiento activado. Esperando al ESP32...
2025-12-08 17:36:55,971 [INFO] ESP32 reporta nueva huella registrada: ID 6
2025-12-08 17:37:11,114 [INFO] Asistencia registrada: 1 - entrada
2025-12-08 17:37:11,114 [INFO] Asistencia biométrica: Enrique Mauricio Caceres Paladino (entrada)
2025-12-08 17:51:16,844 [INFO] Cargando datos iniciales de AdminPage desde la BD...
2025-12-08 17:51:17,222 [INFO] Generando reporte visual para 2025-12-08
2025-12-08 17:51:17,223 [INFO] Reporte generado. Total: C$4175.00
2025-12-08 17:51:17,400 [INFO] Iniciando servidor Flask/SocketIO en puerto 5000...
2025-12-08 18:49:30,924 [INFO] Cargando datos iniciales de AdminPage desde la BD...
2025-12-08 18:49:31,303 [INFO] Generando reporte visual para 2025-12-08
2025-12-08 18:49:31,304 [INFO] Reporte generado. Total: C$4175.00
2025-12-08 18:49:31,478 [INFO] Iniciando servidor Flask/SocketIO en puerto 5000...
2025-12-08 18:50:33,134 [INFO] 📡 [ESP32 DICE]: WiFi Conectado! Iniciando sistema...
2025-12-08 18:50:43,034 [INFO] 📡 [ESP32 DICE]: ERROR: No se encuentra el sensor biometrico.
2025-12-08 18:51:58,650 [INFO] Cargando datos iniciales de AdminPage desde la BD...
2025-12-08 18:51:59,000 [INFO] Generando reporte visual para 2025-12-08
2025-12-08 18:51:59,001 [INFO] Reporte generado. Total: C$4175.00
2025-12-08 18:51:59,179 [INFO] Iniciando servidor Flask/SocketIO en puerto 5000...
2025-12-08 18:52:09,872 [INFO] 📡 [ESP32 DICE]: WiFi Conectado! Iniciando sistema...
2025-12-08 18:52:11,410 [INFO] 📡 [ESP32 DICE]: ERROR: No se encuentra el sensor biometrico.
2025-12-08 18:58:38,187 [INFO] 📡 [ESP32 DICE]: WiFi Conectado! Iniciando sistema...
2025-12-08 18:58:39,624 [INFO] 📡 [ESP32 DICE]: ERROR: No se encuentra el sensor biometrico.
2025-12-08 19:00:09,843 [INFO] 📡 [ESP32 DICE]: WiFi Conectado! Iniciando sistema...
2025-12-08 19:00:11,482 [INFO] 📡 [ESP32 DICE]: ERROR: No se encuentra el sensor biometrico.
2025-12-08 19:01:05,551 [INFO] 📡 [ESP32 DICE]: WiFi Conectado! Iniciando sistema...
2025-12-08 19:01:07,087 [INFO] 📡 [ESP32 DICE]: ERROR: No se encuentra el sensor biometrico.
2025-12-08 19:02:07,813 [INFO] 📡 [ESP32 DICE]: WiFi Conectado! Iniciando sistema...
2025-12-08 19:02:09,247 [INFO] 📡 [ESP32 DICE]: ERROR: No se encuentra el sensor biometrico.
2025-12-08 19:25:25,503 [INFO] 📡 [ESP32 DICE]: WiFi Conectado! Iniciando sistema...
2025-12-08 19:25:26,970 [INFO] 📡 [ESP32 DICE]: ERROR: No se encuentra el sensor biometrico.
2025-12-08 19:29:10,577 [INFO] Modo enrolamiento activado. Esperando al ESP32...
2025-12-08 19:29:24,140 [INFO] ESP32 reporta nueva huella registrada: ID 7
2025-12-08 19:32:52,039 [INFO] Cargando datos iniciales de AdminPage desde la BD...
2025-12-08 19:32:52,409 [INFO] Generando reporte visual para 2025-12-08
2025-12-08 19:32:52,410 [INFO] Reporte generado. Total: C$4175.00
2025-12-08 19:32:52,597 [INFO] Iniciando servidor Flask/SocketIO en puerto 5000...
2025-12-08 19:33:18,817 [INFO] Modo enrolamiento activado. Esperando al ESP32...
2025-12-08 19:33:29,195 [INFO] ESP32 reporta nueva huella registrada: ID 8
2025-12-08 19:33:59,522 [INFO] Modo enrolamiento activado. Esperando al ESP32...
2025-12-08 19:34:12,409 [INFO] ESP32 reporta nueva huella registrada: ID 9
2025-12-08 19:38:32,697 [INFO] Modo enrolamiento activado. Esperando al ESP32...
2025-12-08 19:38:44,397 [INFO] ESP32 reporta nueva huella registrada: ID 10
2025-12-08 19:53:52,793 [INFO] Cargando datos iniciales de AdminPage desde la BD...
2025-12-08 19:53:53,149 [INFO] Generando reporte visual para 2025-12-08
2025-12-08 19:53:53,149 [INFO] Reporte generado. Total: C$4175.00
2025-12-08 19:53:53,321 [INFO] Iniciando servidor Flask/SocketIO en puerto 5000...
2025-12-08 20:04:20,960 [INFO] Cargando datos iniciales de AdminPage desde la BD...
2025-12-08 20:04:21,578 [INFO] Generando reporte visual para 2025-12-08
2025-12-08 20:04:21,579 [INFO] Reporte generado. Total: C$4175.00
2025-12-08 20:04:21,908 [INFO] Iniciando servidor Flask/SocketIO en puerto 5000 (Modo Threading)...
2025-12-08 20:09:09,476 [INFO] Cargando datos iniciales de AdminPage desde la BD...
2025-12-08 20:09:09,884 [INFO] Generando reporte visual para 2025-12-08
2025-12-08 20:09:09,885 [INFO] Reporte generado. Total: C$4175.00
2025-12-08 20:09:10,109 [INFO] Iniciando servidor Flask/SocketIO en puerto 5000 (Modo Threading)...
2025-12-08 20:10:00,248 [INFO] Modo enrolamiento activado. Esperando al ESP32...
2025-12-08 20:10:23,596 [INFO] ESP32 reporta nueva huella registrada: ID 11
2025-12-08 20:10:33,565 [INFO] Modo enrolamiento activado. Esperando al ESP32...
2025-12-08 20:10:55,443 [INFO] ESP32 reporta nueva huella registrada: ID 12
2025-12-08 20:12:31,528 [INFO] Cargando datos iniciales de AdminPage desde la BD...
2025-12-08 20:12:31,918 [INFO] Generando reporte visual para 2025-12-08
2025-12-08 20:12:31,919 [INFO] Reporte generado. Total: C$4175.00
2025-12-08 20:12:32,154 [INFO] Iniciando servidor Flask/SocketIO en puerto 5000 (Modo Threading)...
2025-12-08 20:14:44,334 [INFO] Cargando datos iniciales de AdminPage desde la BD...
2025-12-08 20:14:44,698 [INFO] Generando reporte visual para 2025-12-08
2025-12-08 20:14:44,699 [INFO] Reporte generado. Total: C$4175.00
2025-12-08 20:14:44,930 [INFO] Iniciando servidor Flask/SocketIO en puerto 5000 (Modo Threading)...
2025-12-08 20:17:38,895 [INFO] Modo enrolamiento activado. Esperando al ESP32...
2025-12-08 20:17:58,276 [INFO] ESP32 reporta nueva huella registrada: ID 13
2025-12-08 20:21:44,910 [INFO] Asistencia registrada: 4 - entrada
2025-12-08 20:21:44,910 [INFO] Asistencia biométrica: Cesar Alberto Paredes Canales (entrada)
2025-12-08 20:21:49,514 [WARNING] Anti-rebote activado para Cesar Alberto Paredes Canales (Intento duplicado en 5s)
2025-12-08 20:29:16,770 [INFO] Cargando datos iniciales de AdminPage desde la BD...
2025-12-08 20:29:17,130 [INFO] Generando reporte visual para 2025-12-08
2025-12-08 20:29:17,131 [INFO] Reporte generado. Total: C$4175.00
2025-12-08 20:29:17,425 [INFO] Iniciando servidor Flask/SocketIO en puerto 5000 (Modo Threading)...
2025-12-08 20:29:29,824 [WARNING] Solicitud de formateo de sensor recibida.
2025-12-08 20:29:35,446 [INFO] El ESP32 confirma: Sensor biométrico formateado.
2025-12-08 20:29:35,458 [INFO] Base de datos local sincronizada (Huellas desvinculadas).
2025-12-08 20:29:49,226 [INFO] Modo enrolamiento activado. Esperando al ESP32...
2025-12-08 20:30:12,005 [INFO] ESP32 reporta nueva huella registrada: ID 1
2025-12-08 20:30:17,559 [INFO] Asistencia registrada: 4 - entrada
2025-12-08 20:30:17,559 [INFO] Asistencia biométrica: Cesar Alberto Paredes Canales (entrada)
2025-12-08 20:30:42,429 [WARNING] Anti-rebote activado para Cesar Alberto Paredes Canales (Intento duplicado en 25s)
2025-12-08 20:34:51,274 [INFO] Modo enrolamiento activado. Esperando al ESP32...
2025-12-08 20:34:56,797 [INFO] Asistencia registrada: 4 - salida
2025-12-08 20:34:56,798 [INFO] Asistencia biométrica: Cesar Alberto Paredes Canales (salida)
2025-12-08 20:35:10,414 [INFO] ESP32 reporta nueva huella registrada: ID 2
2025-12-08 20:35:44,320 [INFO] Asistencia registrada: 1 - entrada
2025-12-08 20:35:44,320 [INFO] Asistencia biométrica: Enrique Mauricio Caceres Paladino (entrada)
2025-12-08 20:37:37,067 [INFO] Asistencia registrada: 1 - salida
2025-12-08 20:37:37,068 [INFO] Asistencia biométrica: Enrique Mauricio Caceres Paladino (salida)
2025-12-08 20:39:22,110 [INFO] Cargando datos iniciales de AdminPage desde la BD...
2025-12-08 20:39:22,473 [INFO] Generando reporte visual para 2025-12-08
2025-12-08 20:39:22,474 [INFO] Reporte generado. Total: C$4175.00
2025-12-08 20:39:22,761 [INFO] Iniciando servidor Flask/SocketIO en puerto 5000 (Modo Threading)...
2025-12-08 20:42:52,296 [INFO] Cargando datos iniciales de AdminPage desde la BD...
2025-12-08 20:42:52,664 [INFO] Generando reporte visual para 2025-12-08
2025-12-08 20:42:52,665 [INFO] Reporte generado. Total: C$4175.00
2025-12-08 20:42:52,935 [INFO] Iniciando servidor Flask/SocketIO en puerto 5000 (Modo Threading)...
2025-12-08 20:44:21,456 [INFO] Asistencia registrada: 1 - entrada
2025-12-08 20:44:21,457 [INFO] Asistencia biométrica: Enrique Mauricio Caceres Paladino (entrada)
2025-12-08 20:44:38,875 [INFO] Asistencia registrada: 1 - salida
2025-12-08 20:44:54,024 [WARNING] Anti-rebote activado para Enrique Mauricio Caceres Paladino (Intento duplicado en 16s)
2025-12-08 20:45:33,557 [INFO] Asistencia registrada: 1 - entrada
2025-12-08 20:45:33,557 [INFO] Asistencia biométrica: Enrique Mauricio Caceres Paladino (entrada)
2025-12-08 20:46:26,116 [WARNING] Anti-rebote activado para Enrique Mauricio Caceres Paladino (Intento duplicado en 53s)
2025-12-08 20:46:55,985 [INFO] Asistencia registrada: 1 - salida
2025-12-08 20:46:55,985 [INFO] Asistencia biométrica: Enrique Mauricio Caceres Paladino (salida)
2025-12-08 20:47:19,657 [INFO] Asistencia registrada: 1 - entrada
2025-12-08 20:47:19,658 [INFO] Asistencia biométrica: Enrique Mauricio Caceres Paladino (entrada)
2025-12-08 20:47:30,202 [INFO] Asistencia registrada: 1 - entrada
2025-12-08 20:48:06,953 [WARNING] Anti-rebote activado para Enrique Mauricio Caceres Paladino (Intento duplicado en 36s)
2025-12-08 20:48:16,882 [WARNING] Anti-rebote activado para Enrique Mauricio Caceres Paladino (Intento duplicado en 46s)
2025-12-08 20:48:45,488 [INFO] Asistencia registrada: 1 - entrada
2025-12-08 20:48:45,488 [INFO] Asistencia biométrica: Enrique Mauricio Caceres Paladino (entrada)
2025-12-08 20:48:57,957 [WARNING] Anti-rebote activado para Enrique Mauricio Caceres Paladino (Intento duplicado en 12s)
2025-12-08 20:49:12,385 [WARNING] Anti-rebote activado para Enrique Mauricio Caceres Paladino (Intento duplicado en 27s)
2025-12-08 20:49:20,783 [WARNING] Anti-rebote activado para Enrique Mauricio Caceres Paladino (Intento duplicado en 35s)
2025-12-08 20:49:41,674 [WARNING] Anti-rebote activado para Enrique Mauricio Caceres Paladino (Intento duplicado en 56s)
2025-12-08 20:49:51,198 [INFO] Asistencia registrada: 1 - salida
2025-12-08 20:49:51,198 [INFO] Asistencia biométrica: Enrique Mauricio Caceres Paladino (salida)
2025-12-08 20:50:39,241 [INFO] Cargando datos iniciales de AdminPage desde la BD...
2025-12-08 20:50:39,588 [INFO] Generando reporte visual para 2025-12-08
2025-12-08 20:50:39,589 [INFO] Reporte generado. Total: C$4175.00
2025-12-08 20:50:39,843 [INFO] Iniciando servidor Flask/SocketIO en puerto 5000 (Modo Threading)...
2025-12-08 20:51:26,547 [INFO] Asistencia registrada: 1 - entrada
2025-12-08 20:51:26,548 [INFO] Asistencia biométrica: Enrique Mauricio Caceres Paladino (entrada)
2025-12-08 20:51:35,930 [INFO] Asistencia registrada: 1 - salida
2025-12-08 20:51:35,931 [INFO] Asistencia biométrica: Enrique Mauricio Caceres Paladino (salida)
2025-12-08 21:49:25,655 [INFO] Cargando datos iniciales de AdminPage desde la BD...
2025-12-08 21:49:26,036 [INFO] Generando reporte visual para 2025-12-08
2025-12-08 21:49:26,037 [INFO] Reporte generado. Total: C$4175.00
2025-12-08 21:49:26,282 [INFO] Iniciando servidor Flask/SocketIO en puerto 5000 (Modo Threading)...
2025-12-08 21:51:06,700 [INFO] Nueva orden recibida vía API: f22b4fd5-2344-47c3-a891-f6ee825d675c
2025-12-08 21:51:06,703 [INFO] Orden 136 creada exitosamente (Atomicidad garantizada).
2025-12-08 21:51:06,930 [INFO] Retransmitiendo evento: mesas_actualizadas
2025-12-08 21:51:28,429 [INFO] Nueva orden recibida vía API: 9e04428e-1786-46c0-b542-f8329fc06910
2025-12-08 21:51:28,433 [INFO] Orden 137 creada exitosamente (Atomicidad garantizada).
2025-12-08 21:51:28,735 [INFO] Retransmitiendo evento: mesas_actualizadas
2025-12-08 21:51:46,547 [INFO] Nueva orden recibida vía API: 9d2990f0-a145-4d71-a3a7-9a035e5ebf07
2025-12-08 21:51:46,549 [INFO] Orden 138 creada exitosamente (Atomicidad garantizada).
2025-12-08 21:51:46,844 [INFO] Retransmitiendo evento: mesas_actualizadas
2025-12-08 21:52:00,182 [INFO] Cuenta separada creada: 5-1
2025-12-08 21:52:00,182 [INFO] Cuenta separada exitosamente en Mesa 5+8
2025-12-08 21:52:32,777 [INFO] Cuenta separada creada: 6-1
2025-12-08 21:52:32,778 [INFO] Cuenta separada exitosamente en Mesa 6
2025-12-08 22:08:08,969 [INFO] Cargando datos iniciales de AdminPage desde la BD...
2025-12-08 22:08:09,292 [INFO] Generando reporte visual para 2025-12-08
2025-12-08 22:08:09,293 [INFO] Reporte generado. Total: C$4175.00
2025-12-08 22:08:09,531 [INFO] Iniciando servidor Flask/SocketIO en puerto 5000 (Modo Threading)...
2025-12-08 22:10:35,735 [INFO] Retransmitiendo evento: mesas_actualizadas
2025-12-08 22:10:37,033 [INFO] Retransmitiendo evento: mesas_actualizadas
2025-12-08 22:10:37,420 [INFO] Retransmitiendo evento: mesas_actualizadas
2025-12-08 22:10:37,748 [INFO] Retransmitiendo evento: mesas_actualizadas
2025-12-08 22:10:38,057 [INFO] Retransmitiendo evento: mesas_actualizadas
2025-12-08 22:10:48,382 [INFO] Retransmitiendo evento: mesas_actualizadas
2025-12-08 22:10:49,388 [INFO] Retransmitiendo evento: mesas_actualizadas
2025-12-08 22:10:49,777 [INFO] Retransmitiendo evento: mesas_actualizadas
2025-12-08 22:10:50,134 [INFO] Retransmitiendo evento: mesas_actualizadas
2025-12-08 22:10:50,384 [INFO] Retransmitiendo evento: mesas_actualizadas
2025-12-08 22:11:04,875 [INFO] Retransmitiendo evento: mesas_actualizadas
2025-12-08 22:11:07,733 [INFO] Retransmitiendo evento: mesas_actualizadas
2025-12-08 22:11:11,530 [INFO] Retransmitiendo evento: mesas_actualizadas
2025-12-08 22:11:15,689 [INFO] Retransmitiendo evento: mesas_actualizadas
2025-12-08 22:11:18,961 [INFO] Retransmitiendo evento: mesas_actualizadas
2025-12-08 22:36:39,571 [INFO] Cargando datos iniciales de AdminPage desde la BD...
2025-12-08 22:36:39,932 [INFO] Generando reporte visual para 2025-12-08
2025-12-08 22:36:39,933 [INFO] Reporte generado. Total: C$6479.00
2025-12-08 22:36:40,201 [INFO] Iniciando servidor Flask/SocketIO en puerto 5000 (Modo Threading)...
2025-12-08 22:37:29,726 [INFO] Cargando datos iniciales de AdminPage desde la BD...
2025-12-08 22:37:30,123 [INFO] Generando reporte visual para 2025-12-08
2025-12-08 22:37:30,124 [INFO] Reporte generado. Total: C$6479.00
2025-12-08 22:37:30,392 [INFO] Iniciando servidor Flask/SocketIO en puerto 5000 (Modo Threading)...
2025-12-08 22:37:58,158 [INFO] Cargando datos iniciales de AdminPage desde la BD...
2025-12-08 22:37:58,563 [INFO] Generando reporte visual para 2025-12-08
2025-12-08 22:37:58,564 [INFO] Reporte generado. Total: C$6479.00
2025-12-08 22:37:58,828 [INFO] Iniciando servidor Flask/SocketIO en puerto 5000 (Modo Threading)...
2025-12-08 22:43:11,962 [INFO] Cargando datos iniciales de AdminPage desde la BD...
2025-12-08 22:43:12,337 [INFO] Generando reporte visual para 2025-12-08
2025-12-08 22:43:12,338 [INFO] Reporte generado. Total: C$6479.00
2025-12-08 22:43:12,559 [INFO] Iniciando servidor Flask/SocketIO en puerto 5000 (Modo Threading)...
2025-12-08 22:53:40,903 [INFO] Cargando datos iniciales de AdminPage desde la BD...
2025-12-08 22:53:41,257 [INFO] Generando reporte visual para 2025-12-08
2025-12-08 22:53:41,258 [INFO] Reporte generado. Total: C$6479.00
2025-12-08 22:53:41,485 [INFO] Iniciando servidor Flask/SocketIO en puerto 5000 (Modo Threading)...
2025-12-08 23:42:51,534 [INFO] Cargando datos iniciales de AdminPage desde la BD...
2025-12-08 23:42:51,894 [INFO] Generando reporte visual para 2025-12-08
2025-12-08 23:42:51,895 [INFO] Reporte generado. Total: C$6479.00
2025-12-08 23:42:52,150 [INFO] Iniciando servidor Flask/SocketIO en puerto 5000 (Modo Threading)...
2025-12-08 23:47:45,501 [INFO] Cargando datos iniciales de AdminPage desde la BD...
2025-12-08 23:47:45,846 [INFO] Generando reporte visual para 2025-12-08
2025-12-08 23:47:45,847 [INFO] Reporte generado. Total: C$6479.00
2025-12-08 23:47:46,075 [INFO] Iniciando servidor Flask/SocketIO en puerto 5000 (Modo Threading)...
2025-12-08 23:47:59,194 [WARNING] Solicitud de formateo de sensor recibida.
2025-12-08 23:48:05,542 [INFO] El ESP32 confirma: Sensor biométrico formateado.
2025-12-08 23:48:05,545 [INFO] Base de datos local sincronizada (Huellas desvinculadas).
2025-12-08 23:48:27,102 [INFO] Modo enrolamiento activado.
2025-12-08 23:48:41,533 [INFO] ESP32 reporta nueva huella registrada: ID 1
2025-12-08 23:50:17,130 [INFO] Asistencia registrada: 10 - entrada
2025-12-08 23:50:17,130 [INFO] Asistencia biométrica: Kenia Reyes (entrada)
2025-12-08 23:50:32,326 [INFO] Asistencia registrada: 10 - salida
2025-12-08 23:50:32,326 [INFO] Asistencia biométrica: Kenia Reyes (salida)
2025-12-08 23:50:35,370 [INFO] Asistencia registrada: 10 - entrada
2025-12-08 23:50:35,371 [INFO] Asistencia biométrica: Kenia Reyes (entrada)
2025-12-08 23:50:41,207 [INFO] Asistencia registrada: 10 - salida
2025-12-08 23:50:41,208 [INFO] Asistencia biométrica: Kenia Reyes (salida)
2025-12-08 23:51:32,200 [INFO] Cargando datos iniciales de AdminPage desde la BD...
2025-12-08 23:51:32,550 [INFO] Generando reporte visual para 2025-12-08
2025-12-08 23:51:32,551 [INFO] Reporte generado. Total: C$6479.00
2025-12-08 23:51:32,773 [INFO] Iniciando servidor Flask/SocketIO en puerto 5000 (Modo Threading)...
2025-12-08 23:51:50,279 [INFO] Modo enrolamiento activado.
2025-12-08 23:52:01,825 [INFO] ESP32 reporta nueva huella registrada: ID 2
2025-12-08 23:52:15,831 [INFO] Asistencia registrada: 1 - entrada
2025-12-08 23:52:15,831 [INFO] Asistencia biométrica: Enrique Mauricio Caceres Paladino (entrada)
2025-12-08 23:52:28,018 [INFO] Asistencia registrada: 1 - salida
2025-12-08 23:52:28,018 [INFO] Asistencia biométrica: Enrique Mauricio Caceres Paladino (salida)
2025-12-08 23:54:31,167 [INFO] Cargando datos iniciales de AdminPage desde la BD...
2025-12-08 23:54:31,518 [INFO] Generando reporte visual para 2025-12-08
2025-12-08 23:54:31,519 [INFO] Reporte generado. Total: C$6479.00
2025-12-08 23:54:31,764 [INFO] Iniciando servidor Flask/SocketIO en puerto 5000 (Modo Threading)...
2025-12-08 23:54:53,423 [INFO] Asistencia registrada: 1 - entrada
2025-12-08 23:54:53,423 [INFO] Asistencia biométrica: Enrique Mauricio Caceres Paladino (entrada)
2025-12-08 23:55:02,588 [INFO] Asistencia registrada: 1 - salida
2025-12-10 01:39:52,980 [INFO] Cargando datos iniciales de AdminPage desde la BD...
2025-12-10 01:39:53,787 [INFO] Generando reporte visual para 2025-12-10
2025-12-10 01:39:53,788 [INFO] Reporte generado. Total: C$0.00
2025-12-10 01:39:54,059 [INFO] Iniciando servidor Flask/SocketIO en puerto 5000 (Modo Threading)...
2025-12-10 01:40:41,818 [INFO] Nueva orden recibida vía API: 06aaaafa-ec91-42c3-88e7-8bdf87f322a9
2025-12-10 01:40:41,821 [INFO] Orden 141 creada exitosamente (Atomicidad garantizada).
2025-12-10 01:40:42,079 [INFO] Retransmitiendo evento: mesas_actualizadas
2025-12-10 01:41:02,177 [INFO] Nota actualizada para item 350: Salsa aparte
2025-12-10 01:48:05,931 [INFO] Retransmitiendo evento: mesas_actualizadas
2025-12-10 01:48:13,801 [INFO] Retransmitiendo evento: mesas_actualizadas
2025-12-10 01:48:40,721 [INFO] Retransmitiendo evento: mesas_actualizadas
2025-12-10 02:08:42,091 [INFO] Nueva orden recibida vía API: e5da3c19-ee70-4833-aaa2-c6efb2b0fc15
2025-12-10 02:08:42,094 [INFO] Orden 142 creada exitosamente (Atomicidad garantizada).
2025-12-10 02:08:42,328 [INFO] Retransmitiendo evento: mesas_actualizadas
2025-12-10 02:09:13,559 [INFO] Orden Mesa 2 marcada lista en cocina (vía Web)
2025-12-10 02:09:20,605 [INFO] Acceso KDS web autorizado para: barra
2025-12-10 02:09:23,250 [INFO] Orden Mesa 2 marcada lista en barra (vía Web)
2025-12-17 15:48:19,576 [INFO] Cargando datos iniciales de AdminPage desde la BD...
2025-12-17 15:48:19,948 [INFO] Generando reporte visual para 2025-12-17
2025-12-17 15:48:19,949 [INFO] Reporte generado. Total: C$0.00
2025-12-17 15:48:20,184 [INFO] Iniciando servidor Flask/SocketIO en puerto 5000 (Modo Threading)...
2025-12-17 16:09:38,461 [INFO] Cargando datos iniciales de AdminPage desde la BD...
2025-12-17 16:09:38,853 [INFO] Generando reporte visual para 2025-12-17
2025-12-17 16:09:38,853 [INFO] Reporte generado. Total: C$0.00
2025-12-17 16:10:36,812 [INFO] Cargando datos iniciales de AdminPage desde la BD...
2025-12-17 16:10:37,171 [INFO] Generando reporte visual para 2025-12-17
2025-12-17 16:10:37,172 [INFO] Reporte generado. Total: C$0.00
2025-12-17 16:10:55,105 [INFO] Nueva orden recibida vía API: 9f10c0eb-45fe-4702-a597-a3c332c2f973
2025-12-17 16:10:55,108 [INFO] Orden 143 creada exitosamente (Atomicidad garantizada).
2025-12-17 16:10:55,316 [INFO] Retransmitiendo evento: mesas_actualizadas
2025-12-17 16:11:19,147 [INFO] Retransmitiendo evento: mesas_actualizadas
2025-12-17 16:11:21,296 [INFO] Retransmitiendo evento: mesas_actualizadas
2025-12-17 16:13:55,191 [INFO] Cargando datos iniciales de AdminPage desde la BD...
2025-12-17 16:13:55,564 [INFO] Generando reporte visual para 2025-12-17
2025-12-17 16:13:55,565 [INFO] Reporte generado. Total: C$1750.00
2025-12-17 16:15:03,612 [INFO] Acceso KDS web autorizado para: cocina
2025-12-17 16:30:26,165 [INFO] Cargando datos iniciales de AdminPage desde la BD...
2025-12-17 16:30:26,513 [INFO] Generando reporte visual para 2025-12-17
2025-12-17 16:30:26,514 [INFO] Reporte generado. Total: C$1750.00
2025-12-17 16:31:02,680 [INFO] Nueva orden recibida vía API: a6347e01-a7de-42f6-995f-0ac7e71c0ce2
2025-12-17 16:31:02,683 [INFO] Orden 144 creada exitosamente (Atomicidad garantizada).
2025-12-17 16:31:02,893 [INFO] Retransmitiendo evento: mesas_actualizadas
2025-12-17 16:32:14,813 [INFO] Nueva orden recibida vía API: 9f80c4f6-7751-4e19-ad41-ce53b759b451
2025-12-17 16:32:14,818 [INFO] Orden 145 creada exitosamente (Atomicidad garantizada).
2025-12-17 16:32:15,671 [INFO] Retransmitiendo evento: mesas_actualizadas
2025-12-17 16:32:32,425 [INFO] Retransmitiendo evento: mesas_actualizadas
2025-12-17 16:32:35,763 [INFO] Retransmitiendo evento: mesas_actualizadas
2025-12-17 16:32:46,927 [INFO] Generando reporte visual para 2025-12-18
2025-12-17 16:32:46,928 [INFO] Reporte generado. Total: C$0.00
2025-12-17 16:32:47,310 [INFO] Generando reporte visual para 2025-12-17
2025-12-17 16:32:47,311 [INFO] Reporte generado. Total: C$13478.00
2025-12-17 16:32:48,876 [INFO] Generando reporte visual para 2025-12-16
2025-12-17 16:32:48,877 [INFO] Reporte generado. Total: C$0.00
2025-12-17 16:32:49,194 [INFO] Generando reporte visual para 2025-12-17
2025-12-17 16:32:49,195 [INFO] Reporte generado. Total: C$13478.00
2025-12-17 16:33:11,530 [INFO] Acceso KDS web autorizado para: cocina
2025-12-17 16:33:23,619 [INFO] Nueva orden recibida vía API: 9576e7fd-4fe7-4c60-9d47-35a722ac6055
2025-12-17 16:33:23,623 [INFO] Orden 146 creada exitosamente (Atomicidad garantizada).
2025-12-17 16:33:23,699 [INFO] Retransmitiendo evento: mesas_actualizadas
2025-12-17 16:33:34,734 [INFO] Orden Mesa 6 marcada lista en cocina (vía Web)
2025-12-17 16:33:54,709 [INFO] Retransmitiendo evento: mesas_actualizadas
2025-12-17 16:39:19,304 [INFO] Cargando datos iniciales de AdminPage desde la BD...
2025-12-17 16:39:19,741 [INFO] Generando reporte visual para 2025-12-17
2025-12-17 16:39:19,742 [INFO] Reporte generado. Total: C$14108.00
2025-12-17 16:39:28,953 [INFO] Acceso KDS web autorizado para: cocina
2025-12-17 16:39:54,017 [INFO] Acceso KDS web autorizado para: barra
2025-12-21 11:44:16,427 [INFO] Cargando datos iniciales de AdminPage desde la BD...
2025-12-21 11:44:26,800 [INFO] Cargando datos iniciales de AdminPage desde la BD...
2025-12-21 11:48:34,744 [INFO] Cargando datos iniciales de AdminPage desde la BD...
2025-12-21 11:48:35,461 [INFO] Generando reporte visual para 2025-12-21
2025-12-21 11:48:35,463 [INFO] Reporte generado. Total: C$0.00
2025-12-21 11:51:16,332 [INFO] Retransmitiendo evento: configuracion_actualizada
2025-12-21 11:51:16,338 [INFO] Notificación de configuración enviada al servidor.
2025-12-21 11:55:35,042 [INFO] Cargando datos iniciales de AdminPage desde la BD...
2025-12-21 11:55:35,430 [INFO] Generando reporte visual para 2025-12-21
2025-12-21 11:55:35,431 [INFO] Reporte generado. Total: C$0.00
2025-12-21 11:56:00,156 [INFO] Retransmitiendo evento: configuracion_actualizada
2025-12-21 11:56:00,163 [INFO] Notificación de configuración enviada al servidor.
2025-12-21 12:06:34,815 [INFO] Cargando datos iniciales de AdminPage desde la BD...
2025-12-21 12:06:35,207 [INFO] Generando reporte visual para 2025-12-21
2025-12-21 12:06:35,208 [INFO] Reporte generado. Total: C$0.00
2025-12-21 12:10:06,043 [INFO] Cargando datos iniciales de AdminPage desde la BD...
2025-12-21 12:10:06,439 [INFO] Generando reporte visual para 2025-12-21
2025-12-21 12:10:06,440 [INFO] Reporte generado. Total: C$0.00
2025-12-21 12:10:28,960 [INFO] Cargando datos iniciales de AdminPage desde la BD...
2025-12-21 12:10:29,376 [INFO] Generando reporte visual para 2025-12-21
2025-12-21 12:10:29,377 [INFO] Reporte generado. Total: C$0.00
2025-12-21 12:10:58,626 [INFO] Generando reporte visual para 2025-12-20
2025-12-21 12:10:58,627 [INFO] Reporte generado. Total: C$0.00
2025-12-21 12:10:59,051 [INFO] Generando reporte visual para 2025-12-19
2025-12-21 12:10:59,052 [INFO] Reporte generado. Total: C$0.00
2025-12-21 12:10:59,498 [INFO] Generando reporte visual para 2025-12-18
2025-12-21 12:10:59,501 [INFO] Reporte generado. Total: C$0.00
2025-12-21 12:10:59,930 [INFO] Generando reporte visual para 2025-12-17
2025-12-21 12:10:59,934 [INFO] Reporte generado. Total: C$14108.00
2025-12-21 12:27:45,022 [INFO] Cargando datos iniciales de AdminPage desde la BD...
2025-12-21 12:27:45,415 [INFO] Generando reporte visual para 2025-12-21
2025-12-21 12:27:45,416 [INFO] Reporte generado. Total: C$0.00
2025-12-21 12:37:41,969 [INFO] Cargando datos iniciales de AdminPage desde la BD...
2025-12-21 12:37:42,466 [INFO] Generando reporte visual para 2025-12-21
2025-12-21 12:37:42,467 [INFO] Reporte generado. Total: C$0.00
2025-12-21 12:38:44,519 [INFO] Retransmitiendo evento: configuracion_actualizada
2025-12-21 12:38:44,525 [INFO] Notificación de configuración enviada al servidor.
2026-03-01 17:52:54,818 [INFO] Cargando datos iniciales de AdminPage desde la BD...
2026-03-01 17:52:55,488 [INFO] Generando reporte visual para 2026-03-01
2026-03-01 17:52:55,490 [INFO] Reporte generado. Total: C$0.00
2026-03-01 17:56:29,561 [INFO] Nueva orden recibida vía API: e6bac991-d4d6-44ee-a0ad-916adea9e091
2026-03-01 17:56:29,565 [INFO] Orden 147 creada exitosamente (Atomicidad garantizada).
2026-03-01 17:56:29,714 [INFO] Retransmitiendo evento: mesas_actualizadas
2026-03-01 18:00:17,280 [INFO] Acceso KDS web autorizado para: barra
2026-03-01 18:00:29,361 [INFO] Acceso KDS web autorizado para: cocina
2026-03-01 18:00:40,118 [INFO] Orden Mesa 1 marcada lista en cocina (vía Web)
2026-03-01 18:03:54,932 [INFO] Retransmitiendo evento: mesas_actualizadas
2026-03-01 18:04:13,300 [INFO] Orden Mesa 1 marcada lista en barra (vía Web)
2026-03-01 18:04:21,373 [INFO] Acceso KDS web autorizado para: cocina
2026-03-15 14:26:13,738 [INFO] Cargando datos iniciales de AdminPage desde la BD...
2026-03-15 14:26:14,568 [INFO] Generando reporte visual para 2026-03-15
2026-03-15 14:26:14,569 [INFO] Reporte generado. Total: C$0.00
2026-03-15 14:26:54,588 [INFO] Retransmitiendo evento: mesas_actualizadas
2026-03-15 21:16:09,627 [INFO] Cargando datos iniciales de AdminPage desde la BD...
2026-03-15 21:16:10,391 [INFO] Generando reporte visual para 2026-03-15
2026-03-15 21:16:10,392 [INFO] Reporte generado. Total: C$4320.00
2026-03-15 21:32:01,635 [INFO] Nueva orden recibida vía API: dcb9fd93-b5ff-42be-a2da-6a89a3d669a8
2026-03-15 21:32:01,647 [INFO] Orden 148 creada exitosamente (Atomicidad garantizada).
2026-03-15 21:32:01,769 [INFO] Retransmitiendo evento: mesas_actualizadas
2026-03-15 21:32:33,320 [INFO] Retransmitiendo evento: mesas_actualizadas
2026-03-15 21:32:51,148 [INFO] Retransmitiendo evento: mesas_actualizadas
2026-03-19 14:55:06,463 [INFO] Cargando datos iniciales de AdminPage desde la BD...
2026-03-19 14:55:07,664 [INFO] Generando reporte visual para 2026-03-19
2026-03-19 14:55:07,666 [INFO] Reporte generado. Total: C$0.00
2026-03-19 14:57:47,924 [INFO] Generando reporte visual para 2025-11-13
2026-03-19 14:57:47,925 [INFO] Reporte generado. Total: C$0.00
2026-03-19 14:57:48,698 [INFO] Generando reporte visual para 2025-11-14
2026-03-19 14:57:48,699 [INFO] Reporte generado. Total: C$0.00
2026-03-19 14:57:49,832 [INFO] Generando reporte visual para 2025-11-15
2026-03-19 14:57:49,833 [INFO] Reporte generado. Total: C$2473.00
2026-03-31 16:18:53,799 [INFO] Configuración cargada desde C:\Users\KikaXxz\Documents\MiProyectoPOS\El_Puestito\assets\config.json
2026-03-31 16:18:53,800 [INFO] DataManager inicializado. Conectando a: C:\Users\KikaXxz\Documents\MiProyectoPOS\El_Puestito\assets\puestito.db
2026-03-31 16:18:53,824 [INFO] Verificando tablas de la base de datos...
2026-03-31 16:18:53,834 [INFO] Base de datos ya poblada. No se requiere migración.
2026-03-31 16:18:53,834 [INFO] Verificando tablas de la base de datos...
2026-03-31 16:18:53,835 [INFO] Base de datos ya poblada. No se requiere migración.
2026-03-31 16:18:53,838 [INFO] [AppController] Inicializado con API Key cargada y URL: http://127.0.0.1:5000
2026-03-31 16:18:53,887 [INFO] Creando páginas de la interfaz...
2026-03-31 16:18:53,916 [INFO] Refrescando tabla de asistencia desde la BD...
2026-03-31 16:18:53,918 [INFO] [AttendancePage] Conectada a la senal lista_empleados_actualizada.
2026-03-31 16:18:53,993 [INFO] Cargando datos iniciales de AdminPage desde la BD...
2026-03-31 16:18:53,993 [INFO] Refrescando tabla de empleados desde la BD...
2026-03-31 16:18:54,636 [INFO] Generando reporte visual para 2026-03-31
2026-03-31 16:18:54,637 [INFO] Reporte generado. Total: C$0.00
2026-03-31 16:18:54,637 [INFO] Intentando cargar la hoja de estilos desde: C:\Users\KikaXxz\Documents\MiProyectoPOS\El_Puestito\assets\style.qss
2026-03-31 16:18:54,673 [INFO] Creando ServerWorker en Hilo Principal...
2026-03-31 16:18:54,808 [INFO] Creando ServerThread...
2026-03-31 16:18:54,809 [INFO] Servidor de asistencia iniciado en segundo plano.
2026-03-31 16:19:41,795 [INFO] Acceso cancelado por el usuario
2026-03-31 16:20:40,473 [INFO] Generando QR para la dirección: http://192.168.1.25:5000
2026-03-31 16:21:06,869 [INFO] Acceso cancelado por el usuario
2026-03-31 16:21:35,313 [INFO] Nueva orden recibida vía API: 619ce0b9-ef96-466b-9c0e-da21c55b40df
2026-03-31 16:21:35,314 [INFO] [Controller] Procesando nueva orden...
2026-03-31 16:21:35,316 [INFO] Orden 149 creada exitosamente (Atomicidad garantizada).
2026-03-31 16:21:35,416 [INFO] Retransmitiendo evento: mesas_actualizadas
2026-03-31 16:21:50,713 [INFO] Nueva orden recibida vía API: f7faa42a-dfb2-42ca-b3a7-38c5929da8c5
2026-03-31 16:21:50,714 [INFO] [Controller] Procesando nueva orden...
2026-03-31 16:21:50,715 [INFO] Orden 150 creada exitosamente (Atomicidad garantizada).
2026-03-31 16:21:50,848 [INFO] Retransmitiendo evento: mesas_actualizadas
2026-03-31 16:22:21,428 [INFO] Generando QR para la dirección: http://192.168.1.25:5000
2026-03-31 16:22:44,471 [INFO] Acceso KDS web autorizado para: cocina
2026-03-31 16:23:01,649 [INFO] Orden Mesa 2 marcada lista en cocina (vía Web)
2026-03-31 16:23:01,650 [INFO] Actualizando vista de escritorio por cambio en Web (cocina)
2026-03-31 16:24:15,499 [INFO] [Controller] Cobrando mesa 2...
2026-03-31 16:24:15,501 [INFO] Mesa 2 cerrada en BD.
2026-03-31 16:24:15,521 [INFO] Retransmitiendo evento: mesas_actualizadas
2026-03-31 16:24:33,207 [INFO] Nueva orden recibida vía API: e1d7c30b-3e45-4ded-b307-0196f2da6304
2026-03-31 16:24:33,208 [INFO] [Controller] Procesando nueva orden...
2026-03-31 16:24:33,211 [INFO] Orden 151 creada exitosamente (Atomicidad garantizada).
2026-03-31 16:24:33,285 [INFO] Retransmitiendo evento: mesas_actualizadas
2026-03-31 16:24:58,514 [INFO] Acceso KDS web autorizado para: cocina
2026-03-31 16:25:03,731 [INFO] Nueva orden recibida vía API: 21b7e7f2-6bfc-46a2-b795-8b047246f72b
2026-03-31 16:25:03,733 [INFO] [Controller] Procesando nueva orden...
2026-03-31 16:25:03,735 [INFO] Orden 152 creada exitosamente (Atomicidad garantizada).
2026-03-31 16:25:03,781 [INFO] Retransmitiendo evento: mesas_actualizadas
2026-03-31 16:25:13,524 [INFO] Orden Mesa 6 marcada lista en cocina (vía Web)
2026-03-31 16:25:13,525 [INFO] Actualizando vista de escritorio por cambio en Web (cocina)
2026-03-31 16:25:13,974 [INFO] Orden Mesa 3 marcada lista en cocina (vía Web)
2026-03-31 16:25:13,975 [INFO] Actualizando vista de escritorio por cambio en Web (cocina)
2026-03-31 16:25:24,866 [INFO] [Controller] Cobrando mesa 6...
2026-03-31 16:25:24,869 [INFO] Mesa 6 cerrada en BD.
2026-03-31 16:25:24,887 [INFO] Retransmitiendo evento: mesas_actualizadas
2026-03-31 16:25:26,555 [INFO] [Controller] Cobrando mesa 3...
2026-03-31 16:25:26,556 [INFO] Mesa 3 cerrada en BD.
2026-03-31 16:25:26,578 [INFO] Retransmitiendo evento: mesas_actualizadas
2026-03-31 16:25:37,204 [INFO] Nueva orden recibida vía API: 9d254380-b34f-47d9-8856-b25dabe54268
2026-03-31 16:25:37,205 [INFO] [Controller] Procesando nueva orden...
2026-03-31 16:25:37,208 [INFO] Orden 153 creada exitosamente (Atomicidad garantizada).
2026-03-31 16:25:37,240 [INFO] Retransmitiendo evento: mesas_actualizadas
2026-03-31 16:25:46,530 [INFO] Limpieza automática: Orden 7 vacía. Cerrando...
2026-03-31 16:25:46,531 [INFO] Cuenta separada exitosamente en Mesa 7
2026-03-31 16:25:52,480 [INFO] Cuenta separada exitosamente en Mesa 7-1
2026-03-31 16:26:02,552 [INFO] [Controller] Cobrando mesa 7-1...
2026-03-31 16:26:02,554 [INFO] Mesa 7-1 cerrada en BD.
2026-03-31 16:26:02,588 [INFO] Retransmitiendo evento: mesas_actualizadas
2026-03-31 16:26:04,165 [INFO] [Controller] Cobrando mesa 7-2...
2026-03-31 16:26:04,169 [INFO] Mesa 7-2 cerrada en BD.
2026-03-31 16:26:04,198 [INFO] Retransmitiendo evento: mesas_actualizadas
2026-03-31 16:26:07,244 [INFO] Cerrando la aplicación...
2026-03-31 16:26:07,244 [INFO] Deteniendo el hilo del servidor...
2026-03-31 16:26:07,244 [ERROR] Error deteniendo SocketIO: Working outside of request context.

This typically means that you attempted to use functionality that needed
an active HTTP request. Consult the documentation on testing for
information about how to avoid this problem.
2026-03-31 16:26:07,245 [INFO] Esperando finalización del hilo...
2026-03-31 16:26:10,244 [WARNING] El hilo del servidor tardó demasiado en cerrarse, forzando terminación.
2026-03-31 16:26:10,246 [INFO] Configuración guardada en C:\Users\KikaXxz\Documents\MiProyectoPOS\El_Puestito\assets\config.json
2026-03-31 16:26:16,482 [INFO] Configuración cargada desde C:\Users\KikaXxz\Documents\MiProyectoPOS\El_Puestito\assets\config.json
2026-03-31 16:26:16,483 [INFO] DataManager inicializado. Conectando a: C:\Users\KikaXxz\Documents\MiProyectoPOS\El_Puestito\assets\puestito.db
2026-03-31 16:26:16,488 [INFO] Verificando tablas de la base de datos...
2026-03-31 16:26:16,500 [INFO] Base de datos ya poblada. No se requiere migración.
2026-03-31 16:26:16,500 [INFO] Verificando tablas de la base de datos...
2026-03-31 16:26:16,501 [INFO] Base de datos ya poblada. No se requiere migración.
2026-03-31 16:26:16,502 [INFO] [AppController] Inicializado con API Key cargada y URL: http://127.0.0.1:5000
2026-03-31 16:26:16,536 [INFO] Creando páginas de la interfaz...
2026-03-31 16:26:16,560 [INFO] Refrescando tabla de asistencia desde la BD...
2026-03-31 16:26:16,562 [INFO] [AttendancePage] Conectada a la senal lista_empleados_actualizada.
2026-03-31 16:26:16,609 [INFO] Cargando datos iniciales de AdminPage desde la BD...
2026-03-31 16:26:16,609 [INFO] Refrescando tabla de empleados desde la BD...
2026-03-31 16:26:17,004 [INFO] Generando reporte visual para 2026-03-31
2026-03-31 16:26:17,005 [INFO] Reporte generado. Total: C$3410.00
2026-03-31 16:26:17,006 [INFO] Intentando cargar la hoja de estilos desde: C:\Users\KikaXxz\Documents\MiProyectoPOS\El_Puestito\assets\style.qss
2026-03-31 16:26:17,038 [INFO] Creando ServerWorker en Hilo Principal...
2026-03-31 16:26:17,173 [INFO] Creando ServerThread...
2026-03-31 16:26:17,174 [INFO] Servidor de asistencia iniciado en segundo plano.
2026-03-31 16:26:39,374 [INFO] Acceso cancelado por el usuario
2026-03-31 16:26:52,719 [INFO] Nueva orden recibida vía API: e499933c-2b5c-46a8-b160-05f6aaa280b4
2026-03-31 16:26:52,721 [INFO] [Controller] Procesando nueva orden...
2026-03-31 16:26:52,723 [INFO] Orden 156 creada exitosamente (Atomicidad garantizada).
2026-03-31 16:26:52,810 [INFO] Retransmitiendo evento: mesas_actualizadas
2026-03-31 16:27:00,521 [INFO] Limpieza automática: Orden 1 vacía. Cerrando...
2026-03-31 16:27:00,521 [INFO] Items eliminados de Mesa 1
2026-03-31 16:27:10,293 [INFO] Cerrando la aplicación...
2026-03-31 16:27:10,293 [INFO] Deteniendo el hilo del servidor...
2026-03-31 16:27:10,294 [ERROR] Error deteniendo SocketIO: Working outside of request context.

This typically means that you attempted to use functionality that needed
an active HTTP request. Consult the documentation on testing for
information about how to avoid this problem.
2026-03-31 16:27:10,294 [INFO] Esperando finalización del hilo...
2026-03-31 16:27:13,307 [WARNING] El hilo del servidor tardó demasiado en cerrarse, forzando terminación.
2026-03-31 16:27:13,308 [INFO] Configuración guardada en C:\Users\KikaXxz\Documents\MiProyectoPOS\El_Puestito\assets\config.json
2026-03-31 16:27:17,465 [INFO] Configuración cargada desde C:\Users\KikaXxz\Documents\MiProyectoPOS\El_Puestito\assets\config.json
2026-03-31 16:27:17,467 [INFO] DataManager inicializado. Conectando a: C:\Users\KikaXxz\Documents\MiProyectoPOS\El_Puestito\assets\puestito.db
2026-03-31 16:27:36,504 [INFO] Configuración cargada desde C:\Users\KikaXxz\Documents\MiProyectoPOS\El_Puestito\assets\config.json
2026-03-31 16:27:36,505 [INFO] DataManager inicializado. Conectando a: C:\Users\KikaXxz\Documents\MiProyectoPOS\El_Puestito\assets\puestito.db
2026-03-31 16:27:36,518 [INFO] Verificando tablas de la base de datos...
2026-03-31 16:27:36,528 [INFO] Base de datos ya poblada. No se requiere migración.
2026-03-31 16:27:36,528 [INFO] Verificando tablas de la base de datos...
2026-03-31 16:27:36,528 [INFO] Base de datos ya poblada. No se requiere migración.
2026-03-31 16:27:36,530 [INFO] [AppController] Inicializado con API Key cargada y URL: http://127.0.0.1:5000
2026-03-31 16:27:36,558 [INFO] Creando páginas de la interfaz...
2026-03-31 16:27:36,578 [INFO] Refrescando tabla de asistencia desde la BD...
2026-03-31 16:27:36,580 [INFO] [AttendancePage] Conectada a la senal lista_empleados_actualizada.
2026-03-31 16:27:36,613 [INFO] Cargando datos iniciales de AdminPage desde la BD...
2026-03-31 16:27:36,613 [INFO] Refrescando tabla de empleados desde la BD...
2026-03-31 16:27:36,966 [INFO] Generando reporte visual para 2026-03-31
2026-03-31 16:27:36,967 [INFO] Reporte generado. Total: C$3410.00
2026-03-31 16:27:36,968 [INFO] Intentando cargar la hoja de estilos desde: C:\Users\KikaXxz\Documents\MiProyectoPOS\El_Puestito\assets\style.qss
2026-03-31 16:27:36,995 [INFO] Creando ServerWorker en Hilo Principal...
2026-03-31 16:27:37,100 [INFO] Creando ServerThread...
2026-03-31 16:27:37,100 [INFO] Servidor de asistencia iniciado en segundo plano.
2026-03-31 16:27:54,437 [INFO] Item PIC010 marcado como: Agotado
2026-03-31 16:27:55,363 [INFO] Item PIC010 marcado como: Disponible
2026-03-31 16:27:56,602 [INFO] Item PIC010 marcado como: Agotado
2026-03-31 16:27:56,980 [INFO] Item PIC010 marcado como: Disponible
2026-03-31 16:28:06,082 [INFO] Item PIC010 marcado como: Agotado
2026-03-31 16:28:06,490 [INFO] Item PIC010 marcado como: Disponible
2026-03-31 16:28:06,763 [INFO] Item PIC010 marcado como: Agotado
2026-03-31 16:28:08,494 [INFO] Item PIC010 marcado como: Disponible
2026-03-31 16:28:28,773 [INFO] Retransmitiendo evento: configuracion_actualizada
2026-03-31 16:28:28,776 [INFO] Notificación de configuración enviada al servidor.
2026-03-31 16:28:42,616 [INFO] Item PIC010 marcado como: Agotado
2026-03-31 16:28:42,970 [INFO] Item PIC010 marcado como: Disponible
2026-03-31 16:28:56,479 [INFO] Retransmitiendo evento: configuracion_actualizada
2026-03-31 16:28:56,480 [INFO] Notificación de configuración enviada al servidor.
2026-03-31 16:29:23,001 [INFO] Abriendo dashboard web: http://127.0.0.1:5000/reportes-web
2026-03-31 16:31:18,332 [INFO] Retransmitiendo evento: configuracion_actualizada
2026-03-31 16:31:18,334 [INFO] Notificación de configuración enviada al servidor.
2026-03-31 16:31:52,035 [INFO] Retransmitiendo evento: configuracion_actualizada
2026-03-31 16:31:52,036 [INFO] Notificación de configuración enviada al servidor.
2026-03-31 16:32:18,635 [INFO] Reporte de asistencia exportado a: C:/Users/KikaXxz/Downloads/asistencia_2026-03-31.csv
2026-03-31 16:33:51,786 [INFO] Acceso cancelado por el usuario
2026-03-31 16:33:53,017 [INFO] Cerrando la aplicación...
2026-03-31 16:33:53,018 [INFO] Deteniendo el hilo del servidor...
2026-03-31 16:33:53,018 [ERROR] Error deteniendo SocketIO: Working outside of request context.

This typically means that you attempted to use functionality that needed
an active HTTP request. Consult the documentation on testing for
information about how to avoid this problem.
2026-03-31 16:33:53,018 [INFO] Esperando finalización del hilo...
2026-03-31 16:33:56,028 [WARNING] El hilo del servidor tardó demasiado en cerrarse, forzando terminación.
2026-03-31 16:33:56,030 [INFO] Configuración guardada en C:\Users\KikaXxz\Documents\MiProyectoPOS\El_Puestito\assets\config.json
2026-03-31 16:36:27,963 [INFO] Configuración cargada desde C:\Users\KikaXxz\Documents\MiProyectoPOS\El_Puestito\assets\config.json
2026-03-31 16:36:27,964 [INFO] DataManager inicializado. Conectando a: C:\Users\KikaXxz\Documents\MiProyectoPOS\El_Puestito\assets\puestito.db
2026-03-31 16:36:27,982 [INFO] Verificando tablas de la base de datos...
2026-03-31 16:36:27,992 [INFO] Base de datos ya poblada. No se requiere migración.
2026-03-31 16:36:27,992 [INFO] Verificando tablas de la base de datos...
2026-03-31 16:36:27,992 [INFO] Base de datos ya poblada. No se requiere migración.
2026-03-31 16:36:27,993 [INFO] [AppController] Inicializado con API Key cargada y URL: http://127.0.0.1:5000
2026-03-31 16:36:28,021 [INFO] Creando páginas de la interfaz...
2026-03-31 16:36:28,043 [INFO] Refrescando tabla de asistencia desde la BD...
2026-03-31 16:36:28,046 [INFO] [AttendancePage] Conectada a la senal lista_empleados_actualizada.
2026-03-31 16:36:28,079 [INFO] Cargando datos iniciales de AdminPage desde la BD...
2026-03-31 16:36:28,080 [INFO] Refrescando tabla de empleados desde la BD...
2026-03-31 16:36:28,431 [INFO] Generando reporte visual para 2026-03-31
2026-03-31 16:36:28,432 [INFO] Reporte generado. Total: C$3410.00
2026-03-31 16:36:28,433 [INFO] Intentando cargar la hoja de estilos desde: C:\Users\KikaXxz\Documents\MiProyectoPOS\El_Puestito\assets\style.qss
2026-03-31 16:36:28,459 [INFO] Creando ServerWorker en Hilo Principal...
2026-03-31 16:36:28,565 [INFO] Creando ServerThread...
2026-03-31 16:36:28,565 [INFO] Servidor de asistencia iniciado en segundo plano.
2026-03-31 16:36:42,049 [INFO] Cerrando la aplicación...
2026-03-31 16:36:42,049 [INFO] Deteniendo el hilo del servidor...
2026-03-31 16:36:42,050 [ERROR] Error deteniendo SocketIO: Working outside of request context.

This typically means that you attempted to use functionality that needed
an active HTTP request. Consult the documentation on testing for
information about how to avoid this problem.
2026-03-31 16:36:42,050 [INFO] Esperando finalización del hilo...
2026-03-31 16:36:45,062 [WARNING] El hilo del servidor tardó demasiado en cerrarse, forzando terminación.
2026-03-31 16:36:45,064 [INFO] Configuración guardada en C:\Users\KikaXxz\Documents\MiProyectoPOS\El_Puestito\assets\config.json
2026-04-04 00:47:34,935 [INFO] DataManager inicializado. Conectando a: :memory:
2026-04-04 00:47:34,939 [INFO] Verificando tablas de la base de datos...
2026-04-04 00:47:34,941 [INFO] Base de datos vacía detectada. Iniciando migración de datos desde JSON...
2026-04-04 00:47:34,949 [INFO] Migrados 4 empleados desde C:\Users\KikaXxz\Documents\MiProyectoPOS\El_Puestito\assets\asistencia.json
2026-04-04 00:47:34,959 [INFO] Migrados 162 eventos de asistencia desde C:\Users\KikaXxz\Documents\MiProyectoPOS\El_Puestito\assets\asistencia_historico.json
2026-04-04 00:47:34,969 [INFO] Migrando lógica de prefijos a base de datos...
2026-04-04 00:47:34,970 [INFO] Categoría 'Bebidas Sin Alcohol' detectada como BARRA. Actualizando BD.
2026-04-04 00:47:34,970 [INFO] Categoría 'Cervezas Internacionales' detectada como BARRA. Actualizando BD.
2026-04-04 00:47:34,970 [INFO] Categoría 'Cervezas Nacionales' detectada como BARRA. Actualizando BD.
2026-04-04 00:47:34,970 [INFO] Categoría 'Micheladas' detectada como BARRA. Actualizando BD.
2026-04-04 00:47:34,970 [INFO] Categoría 'Otras Bebidas' detectada como BARRA. Actualizando BD.
2026-04-04 00:47:34,970 [INFO] Categoría 'RTD y Hard Seltzer' detectada como BARRA. Actualizando BD.
2026-04-04 00:47:34,970 [INFO] Migrados 55 items de menú desde C:\Users\KikaXxz\Documents\MiProyectoPOS\El_Puestito\assets\menu.json
2026-04-04 00:47:34,970 [INFO] Migración de datos completada.
2026-04-04 00:47:34,973 [INFO] DataManager inicializado. Conectando a: :memory:
2026-04-04 00:47:34,973 [INFO] Verificando tablas de la base de datos...
2026-04-04 00:47:34,974 [INFO] Base de datos vacía detectada. Iniciando migración de datos desde JSON...
2026-04-04 00:47:34,974 [INFO] Migrados 4 empleados desde C:\Users\KikaXxz\Documents\MiProyectoPOS\El_Puestito\assets\asistencia.json
2026-04-04 00:47:34,975 [INFO] Migrados 162 eventos de asistencia desde C:\Users\KikaXxz\Documents\MiProyectoPOS\El_Puestito\assets\asistencia_historico.json
2026-04-04 00:47:34,976 [INFO] Migrando lógica de prefijos a base de datos...
2026-04-04 00:47:34,976 [INFO] Categoría 'Bebidas Sin Alcohol' detectada como BARRA. Actualizando BD.
2026-04-04 00:47:34,976 [INFO] Categoría 'Cervezas Internacionales' detectada como BARRA. Actualizando BD.
2026-04-04 00:47:34,976 [INFO] Categoría 'Cervezas Nacionales' detectada como BARRA. Actualizando BD.
2026-04-04 00:47:34,976 [INFO] Categoría 'Micheladas' detectada como BARRA. Actualizando BD.
2026-04-04 00:47:34,976 [INFO] Categoría 'Otras Bebidas' detectada como BARRA. Actualizando BD.
2026-04-04 00:47:34,976 [INFO] Categoría 'RTD y Hard Seltzer' detectada como BARRA. Actualizando BD.
2026-04-04 00:47:34,977 [INFO] Migrados 55 items de menú desde C:\Users\KikaXxz\Documents\MiProyectoPOS\El_Puestito\assets\menu.json
2026-04-04 00:47:34,977 [INFO] Migración de datos completada.
2026-04-04 00:47:34,977 [ERROR] Error en DataManager.execute: UNIQUE constraint failed: empleados.id_empleado
Query: INSERT INTO empleados (id_empleado, nombre, rol, fingerprint_id) VALUES (?, ?, ?, ?);
2026-04-04 00:55:44,552 [INFO] DataManager inicializado. Conectando a: :memory:
2026-04-04 00:55:44,552 [INFO] Verificando tablas de la base de datos...
2026-04-04 00:55:44,555 [INFO] DataManager inicializado. Conectando a: :memory:
2026-04-04 00:55:44,556 [INFO] Verificando tablas de la base de datos...
2026-04-04 00:55:44,557 [ERROR] Error en DataManager.execute: UNIQUE constraint failed: empleados.id_empleado
Query: INSERT INTO empleados (id_empleado, nombre, rol, fingerprint_id) VALUES (?, ?, ?, ?);
2026-04-04 00:57:12,115 [INFO] DataManager inicializado. Conectando a: :memory:
2026-04-04 00:57:12,116 [INFO] Verificando tablas de la base de datos...
2026-04-04 00:57:12,118 [INFO] DataManager inicializado. Conectando a: :memory:
2026-04-04 00:57:12,118 [INFO] Verificando tablas de la base de datos...
2026-04-04 00:57:12,119 [ERROR] Error en DataManager.execute: UNIQUE constraint failed: empleados.id_empleado
Query: INSERT INTO empleados (id_empleado, nombre, rol, fingerprint_id) VALUES (?, ?, ?, ?);
2026-04-04 00:57:12,120 [INFO] DataManager inicializado. Conectando a: :memory:
2026-04-04 00:57:12,120 [INFO] Verificando tablas de la base de datos...
2026-04-04 00:57:12,121 [INFO] Orden 1 creada exitosamente (Atomicidad garantizada).
2026-04-04 01:01:55,901 [INFO] DataManager inicializado. Conectando a: :memory:
2026-04-04 01:01:55,902 [INFO] Verificando tablas de la base de datos...
2026-04-04 01:01:55,906 [INFO] DataManager inicializado. Conectando a: :memory:
2026-04-04 01:01:55,907 [INFO] Verificando tablas de la base de datos...
2026-04-04 01:01:55,908 [ERROR] Error en DataManager.execute: UNIQUE constraint failed: empleados.id_empleado
Query: INSERT INTO empleados (id_empleado, nombre, rol, fingerprint_id) VALUES (?, ?, ?, ?);
2026-04-04 01:01:55,910 [INFO] DataManager inicializado. Conectando a: :memory:
2026-04-04 01:01:55,911 [INFO] Verificando tablas de la base de datos...
2026-04-04 01:01:55,912 [INFO] Orden 1 creada exitosamente (Atomicidad garantizada).
2026-04-04 01:03:12,663 [INFO] DataManager inicializado. Conectando a: :memory:
2026-04-04 01:03:12,664 [INFO] Verificando tablas de la base de datos...
2026-04-04 01:03:12,669 [INFO] DataManager inicializado. Conectando a: :memory:
2026-04-04 01:03:12,669 [INFO] Verificando tablas de la base de datos...
2026-04-04 01:03:12,670 [ERROR] Error en DataManager.execute: UNIQUE constraint failed: empleados.id_empleado
Query: INSERT INTO empleados (id_empleado, nombre, rol, fingerprint_id) VALUES (?, ?, ?, ?);
2026-04-04 01:03:12,672 [INFO] DataManager inicializado. Conectando a: :memory:
2026-04-04 01:03:12,673 [INFO] Verificando tablas de la base de datos...
2026-04-04 01:03:12,675 [INFO] Orden 1 creada exitosamente (Atomicidad garantizada).
2026-04-04 01:03:12,678 [INFO] DataManager inicializado. Conectando a: :memory:
2026-04-04 01:03:12,679 [INFO] Verificando tablas de la base de datos...
2026-04-04 01:03:12,812 [WARNING] Intento de acceso no autorizado desde 127.0.0.1
2026-04-04 01:03:12,879 [INFO] DataManager inicializado. Conectando a: :memory:
2026-04-04 01:03:12,880 [INFO] Verificando tablas de la base de datos...
2026-04-04 01:03:12,904 [INFO] Modo enrolamiento activado.
2026-04-04 01:03:12,940 [INFO] DataManager inicializado. Conectando a: :memory:
2026-04-04 01:03:12,940 [INFO] Verificando tablas de la base de datos...
2026-04-04 01:03:12,987 [INFO] DataManager inicializado. Conectando a: :memory:
2026-04-04 01:03:12,987 [INFO] Verificando tablas de la base de datos...
2026-04-04 01:17:10,232 [INFO] DataManager inicializado. Conectando a: :memory:
2026-04-04 01:17:10,241 [INFO] Verificando tablas de la base de datos...
2026-04-04 01:17:10,263 [INFO] [AppController] Inicializado con API Key cargada y URL: http://127.0.0.1:5000
2026-04-04 01:17:10,270 [INFO] DataManager inicializado. Conectando a: :memory:
2026-04-04 01:17:10,270 [INFO] Verificando tablas de la base de datos...
2026-04-04 01:17:10,271 [INFO] [AppController] Inicializado con API Key cargada y URL: http://127.0.0.1:5000
2026-04-04 01:17:10,272 [INFO] [Controller] Procesando nueva orden...
2026-04-04 01:17:10,273 [INFO] Orden 1 creada exitosamente (Atomicidad garantizada).
2026-04-04 01:17:10,275 [INFO] DataManager inicializado. Conectando a: :memory:
2026-04-04 01:17:10,276 [INFO] Verificando tablas de la base de datos...
2026-04-04 01:17:10,375 [INFO] DataManager inicializado. Conectando a: :memory:
2026-04-04 01:17:10,375 [INFO] Verificando tablas de la base de datos...
2026-04-04 01:17:10,377 [ERROR] Error en DataManager.execute: UNIQUE constraint failed: empleados.id_empleado
Query: INSERT INTO empleados (id_empleado, nombre, rol, fingerprint_id) VALUES (?, ?, ?, ?);
2026-04-04 01:17:10,383 [INFO] DataManager inicializado. Conectando a: :memory:
2026-04-04 01:17:10,384 [INFO] Verificando tablas de la base de datos...
2026-04-04 01:17:10,385 [INFO] Orden 1 creada exitosamente (Atomicidad garantizada).
2026-04-04 01:17:10,394 [INFO] DataManager inicializado. Conectando a: :memory:
2026-04-04 01:17:10,394 [INFO] Verificando tablas de la base de datos...
2026-04-04 01:17:10,498 [WARNING] Intento de acceso no autorizado desde 127.0.0.1
2026-04-04 01:17:10,569 [INFO] DataManager inicializado. Conectando a: :memory:
2026-04-04 01:17:10,569 [INFO] Verificando tablas de la base de datos...
2026-04-04 01:17:10,594 [INFO] Modo enrolamiento activado.
2026-04-04 01:17:10,615 [INFO] DataManager inicializado. Conectando a: :memory:
2026-04-04 01:17:10,616 [INFO] Verificando tablas de la base de datos...
2026-04-04 01:17:10,662 [INFO] DataManager inicializado. Conectando a: :memory:
2026-04-04 01:17:10,663 [INFO] Verificando tablas de la base de datos...
2026-04-04 01:27:16,550 [INFO] DataManager inicializado. Conectando a: :memory:
2026-04-04 01:27:16,557 [INFO] Verificando tablas de la base de datos...
2026-04-04 01:27:16,573 [INFO] [AppController] Inicializado con API Key cargada y URL: http://127.0.0.1:5000
2026-04-04 01:27:16,581 [INFO] DataManager inicializado. Conectando a: :memory:
2026-04-04 01:27:16,581 [INFO] Verificando tablas de la base de datos...
2026-04-04 01:27:16,583 [INFO] [AppController] Inicializado con API Key cargada y URL: http://127.0.0.1:5000
2026-04-04 01:27:16,584 [INFO] [Controller] Procesando nueva orden...
2026-04-04 01:27:16,585 [INFO] Orden 1 creada exitosamente (Atomicidad garantizada).
2026-04-04 01:27:16,601 [INFO] DataManager inicializado. Conectando a: :memory:
2026-04-04 01:27:16,602 [INFO] Verificando tablas de la base de datos...
2026-04-04 01:27:16,713 [INFO] DataManager inicializado. Conectando a: :memory:
2026-04-04 01:27:16,713 [INFO] Verificando tablas de la base de datos...
2026-04-04 01:27:16,715 [ERROR] Error en DataManager.execute: UNIQUE constraint failed: empleados.id_empleado
Query: INSERT INTO empleados (id_empleado, nombre, rol, fingerprint_id) VALUES (?, ?, ?, ?);
2026-04-04 01:27:16,723 [INFO] DataManager inicializado. Conectando a: :memory:
2026-04-04 01:27:16,723 [INFO] Verificando tablas de la base de datos...
2026-04-04 01:27:16,725 [INFO] Orden 1 creada exitosamente (Atomicidad garantizada).
2026-04-04 01:27:16,734 [INFO] DataManager inicializado. Conectando a: :memory:
2026-04-04 01:27:16,734 [INFO] Verificando tablas de la base de datos...
2026-04-04 01:27:16,852 [WARNING] Intento de acceso no autorizado desde 127.0.0.1
2026-04-04 01:27:16,877 [INFO] DataManager inicializado. Conectando a: :memory:
2026-04-04 01:27:16,878 [INFO] Verificando tablas de la base de datos...
2026-04-04 01:27:16,907 [INFO] Modo enrolamiento activado.
2026-04-04 01:27:16,933 [INFO] DataManager inicializado. Conectando a: :memory:
2026-04-04 01:27:16,933 [INFO] Verificando tablas de la base de datos...
2026-04-04 01:27:16,983 [INFO] DataManager inicializado. Conectando a: :memory:
2026-04-04 01:27:16,984 [INFO] Verificando tablas de la base de datos...
2026-04-04 01:27:25,616 [INFO] DataManager inicializado. Conectando a: :memory:
2026-04-04 01:27:25,617 [INFO] Verificando tablas de la base de datos...
2026-04-04 01:27:25,622 [INFO] [AppController] Inicializado con API Key cargada y URL: http://127.0.0.1:5000
2026-04-04 01:27:25,626 [INFO] DataManager inicializado. Conectando a: :memory:
2026-04-04 01:27:25,626 [INFO] Verificando tablas de la base de datos...
2026-04-04 01:27:25,627 [INFO] [AppController] Inicializado con API Key cargada y URL: http://127.0.0.1:5000
2026-04-04 01:27:25,628 [INFO] [Controller] Procesando nueva orden...
2026-04-04 01:27:25,629 [INFO] Orden 1 creada exitosamente (Atomicidad garantizada).
2026-04-04 01:27:25,631 [INFO] DataManager inicializado. Conectando a: :memory:
2026-04-04 01:27:25,631 [INFO] Verificando tablas de la base de datos...
2026-04-04 01:27:25,635 [INFO] DataManager inicializado. Conectando a: :memory:
2026-04-04 01:27:25,635 [INFO] Verificando tablas de la base de datos...
2026-04-04 01:27:25,636 [ERROR] Error en DataManager.execute: UNIQUE constraint failed: empleados.id_empleado
Query: INSERT INTO empleados (id_empleado, nombre, rol, fingerprint_id) VALUES (?, ?, ?, ?);
2026-04-04 01:27:25,638 [INFO] DataManager inicializado. Conectando a: :memory:
2026-04-04 01:27:25,638 [INFO] Verificando tablas de la base de datos...
2026-04-04 01:27:25,640 [INFO] Orden 1 creada exitosamente (Atomicidad garantizada).
2026-04-04 01:27:25,642 [INFO] DataManager inicializado. Conectando a: :memory:
2026-04-04 01:27:25,642 [INFO] Verificando tablas de la base de datos...
2026-04-04 01:27:25,744 [WARNING] Intento de acceso no autorizado desde 127.0.0.1
2026-04-04 01:27:25,773 [INFO] DataManager inicializado. Conectando a: :memory:
2026-04-04 01:27:25,773 [INFO] Verificando tablas de la base de datos...
2026-04-04 01:27:25,800 [INFO] Modo enrolamiento activado.
2026-04-04 01:27:25,823 [INFO] DataManager inicializado. Conectando a: :memory:
2026-04-04 01:27:25,824 [INFO] Verificando tablas de la base de datos...
2026-04-04 01:27:25,870 [INFO] DataManager inicializado. Conectando a: :memory:
2026-04-04 01:27:25,871 [INFO] Verificando tablas de la base de datos...
